app/build/outputs/logs/manifest-merger-debug-report.txt
-- Merging decision tree log ---
manifest
ADDED from src/main/AndroidManifest.xml:2:1-128:12
	package
		ADDED from src/main/AndroidManifest.xml:3:5-45
		INJECTED from src/main/AndroidManifest.xml
		INJECTED from src/main/AndroidManifest.xml
	android:versionName
		INJECTED from src/main/AndroidManifest.xml
		INJECTED from src/main/AndroidManifest.xml
	xmlns:android
		ADDED from src/main/AndroidManifest.xml:2:11-69
	android:versionCode
		INJECTED from src/main/AndroidManifest.xml
		INJECTED from src/main/AndroidManifest.xml
permission#${applicationId}.ACCESS_VIDEO_DATA
ADDED from src/main/AndroidManifest.xml:5:5-7:47
	android:protectionLevel
		ADDED from src/main/AndroidManifest.xml:7:9-44
	android:name
		ADDED from src/main/AndroidManifest.xml:6:9-58
		INJECTED from src/main/AndroidManifest.xml
permission#${applicationId}.ACCESS_MOVIES_DATA
ADDED from src/main/AndroidManifest.xml:8:5-10:47
	android:protectionLevel
		ADDED from src/main/AndroidManifest.xml:10:9-44
	android:name
		ADDED from src/main/AndroidManifest.xml:9:9-59
		INJECTED from src/main/AndroidManifest.xml
uses-permission#${applicationId}.ACCESS_VIDEO_DATA
ADDED from src/main/AndroidManifest.xml:12:5-74
	android:name
		ADDED from src/main/AndroidManifest.xml:12:22-71
		INJECTED from src/main/AndroidManifest.xml
uses-permission#${applicationId}.ACCESS_MOVIES_DATA
ADDED from src/main/AndroidManifest.xml:13:5-75
	android:name
		ADDED from src/main/AndroidManifest.xml:13:22-72
		INJECTED from src/main/AndroidManifest.xml
uses-permission#android.permission.INTERNET
ADDED from src/main/AndroidManifest.xml:14:5-67
	android:name
		ADDED from src/main/AndroidManifest.xml:14:22-64
uses-permission#android.permission.RECEIVE_BOOT_COMPLETED
ADDED from src/main/AndroidManifest.xml:15:5-81
	android:name
		ADDED from src/main/AndroidManifest.xml:15:22-78
uses-permission#android.permission.RECORD_AUDIO
ADDED from src/main/AndroidManifest.xml:16:5-71
	android:name
		ADDED from src/main/AndroidManifest.xml:16:22-68
uses-feature#android.hardware.microphone
ADDED from src/main/AndroidManifest.xml:18:5-20:36
	android:required
		ADDED from src/main/AndroidManifest.xml:20:9-33
	android:name
		ADDED from src/main/AndroidManifest.xml:19:9-51
uses-feature#android.hardware.touchscreen
ADDED from src/main/AndroidManifest.xml:21:5-23:36
	android:required
		ADDED from src/main/AndroidManifest.xml:23:9-33
	android:name
		ADDED from src/main/AndroidManifest.xml:22:9-52
uses-feature#android.software.leanback
ADDED from src/main/AndroidManifest.xml:24:5-26:35
	android:required
		ADDED from src/main/AndroidManifest.xml:26:9-32
	android:name
		ADDED from src/main/AndroidManifest.xml:25:9-49
application
ADDED from src/main/AndroidManifest.xml:28:5-126:19
MERGED from [com.android.support:support-v4:24.1.1] AndroidManifest.xml:25:5-20
MERGED from [com.android.support:leanback-v17:24.1.1] AndroidManifest.xml:22:5-20
MERGED from [com.android.support:support-v4:24.1.1] AndroidManifest.xml:25:5-20
MERGED from [com.android.support:support-v4:24.1.1] AndroidManifest.xml:25:5-20
MERGED from [com.android.support:recommendation:24.1.1] AndroidManifest.xml:22:5-20
MERGED from [com.android.support:support-v4:24.1.1] AndroidManifest.xml:25:5-20
MERGED from [com.android.support:preference-leanback-v17:24.1.1] AndroidManifest.xml:24:5-20
MERGED from [com.android.support:preference-v7:24.1.1] AndroidManifest.xml:9:5-20
MERGED from [com.android.support:support-v4:24.1.1] AndroidManifest.xml:25:5-20
MERGED from [com.android.support:support-v4:24.1.1] AndroidManifest.xml:25:5-20
MERGED from [com.android.support:appcompat-v7:24.1.1] AndroidManifest.xml:25:5-20
MERGED from [com.android.support:animated-vector-drawable:24.1.1] AndroidManifest.xml:22:5-20
MERGED from [com.android.support:support-vector-drawable:24.1.1] AndroidManifest.xml:23:5-20
MERGED from [com.android.support:support-v4:24.1.1] AndroidManifest.xml:25:5-20
MERGED from [com.android.support:support-v4:24.1.1] AndroidManifest.xml:25:5-20
MERGED from [com.android.support:support-vector-drawable:24.1.1] AndroidManifest.xml:23:5-20
MERGED from [com.android.support:support-v4:24.1.1] AndroidManifest.xml:25:5-20
MERGED from [com.android.support:support-v4:24.1.1] AndroidManifest.xml:25:5-20
MERGED from [com.android.support:leanback-v17:24.1.1] AndroidManifest.xml:22:5-20
MERGED from [com.android.support:support-v4:24.1.1] AndroidManifest.xml:25:5-20
MERGED from [com.android.support:support-v4:24.1.1] AndroidManifest.xml:25:5-20
MERGED from [com.android.support:support-v4:24.1.1] AndroidManifest.xml:25:5-20
MERGED from [com.android.support:preference-v14:24.1.1] AndroidManifest.xml:9:5-20
MERGED from [com.android.support:preference-v7:24.1.1] AndroidManifest.xml:9:5-20
MERGED from [com.android.support:support-v4:24.1.1] AndroidManifest.xml:25:5-20
MERGED from [com.android.support:support-v4:24.1.1] AndroidManifest.xml:25:5-20
MERGED from [com.android.support:appcompat-v7:24.1.1] AndroidManifest.xml:25:5-20
MERGED from [com.android.support:animated-vector-drawable:24.1.1] AndroidManifest.xml:22:5-20
MERGED from [com.android.support:support-vector-drawable:24.1.1] AndroidManifest.xml:23:5-20
MERGED from [com.android.support:support-v4:24.1.1] AndroidManifest.xml:25:5-20
MERGED from [com.android.support:support-v4:24.1.1] AndroidManifest.xml:25:5-20
MERGED from [com.android.support:support-vector-drawable:24.1.1] AndroidManifest.xml:23:5-20
MERGED from [com.android.support:support-v4:24.1.1] AndroidManifest.xml:25:5-20
MERGED from [com.android.support:support-v4:24.1.1] AndroidManifest.xml:25:5-20
MERGED from [com.android.support:support-v4:24.1.1] AndroidManifest.xml:25:5-20
MERGED from [com.android.support:appcompat-v7:24.1.1] AndroidManifest.xml:25:5-20
MERGED from [com.android.support:animated-vector-drawable:24.1.1] AndroidManifest.xml:22:5-20
MERGED from [com.android.support:support-vector-drawable:24.1.1] AndroidManifest.xml:23:5-20
MERGED from [com.android.support:support-v4:24.1.1] AndroidManifest.xml:25:5-20
MERGED from [com.android.support:support-v4:24.1.1] AndroidManifest.xml:25:5-20
MERGED from [com.android.support:support-vector-drawable:24.1.1] AndroidManifest.xml:23:5-20
MERGED from [com.android.support:support-v4:24.1.1] AndroidManifest.xml:25:5-20
MERGED from [com.android.support:appcompat-v7:24.1.1] AndroidManifest.xml:25:5-20
MERGED from [com.android.support:animated-vector-drawable:24.1.1] AndroidManifest.xml:22:5-20
MERGED from [com.android.support:support-vector-drawable:24.1.1] AndroidManifest.xml:23:5-20
MERGED from [com.android.support:support-v4:24.1.1] AndroidManifest.xml:25:5-20
MERGED from [com.android.support:support-v4:24.1.1] AndroidManifest.xml:25:5-20
MERGED from [com.android.support:support-vector-drawable:24.1.1] AndroidManifest.xml:23:5-20
MERGED from [com.android.support:support-v4:24.1.1] AndroidManifest.xml:25:5-20
	android:label
		ADDED from src/main/AndroidManifest.xml:32:9-41
	android:allowBackup
		ADDED from src/main/AndroidManifest.xml:29:9-36
	android:icon
		ADDED from src/main/AndroidManifest.xml:31:9-63
	android:banner
		ADDED from src/main/AndroidManifest.xml:30:9-47
	android:theme
		ADDED from src/main/AndroidManifest.xml:34:9-46
	android:logo
		ADDED from src/main/AndroidManifest.xml:33:9-45
activity#com.sample.wapegomes.androidtv.ui.MainActivity
ADDED from src/main/AndroidManifest.xml:35:9-47:20
	android:screenOrientation
		ADDED from src/main/AndroidManifest.xml:40:13-50
	android:label
		ADDED from src/main/AndroidManifest.xml:38:13-45
	android:icon
		ADDED from src/main/AndroidManifest.xml:37:13-49
	android:theme
		ADDED from src/main/AndroidManifest.xml:41:13-57
	android:logo
		ADDED from src/main/AndroidManifest.xml:39:13-49
	android:name
		ADDED from src/main/AndroidManifest.xml:36:13-74
intent-filter#android.intent.action.MAIN+android.intent.category.LEANBACK_LAUNCHER
ADDED from src/main/AndroidManifest.xml:42:13-46:29
action#android.intent.action.MAIN
ADDED from src/main/AndroidManifest.xml:43:17-69
	android:name
		ADDED from src/main/AndroidManifest.xml:43:25-66
category#android.intent.category.LEANBACK_LAUNCHER
ADDED from src/main/AndroidManifest.xml:45:17-86
	android:name
		ADDED from src/main/AndroidManifest.xml:45:27-83
activity#com.sample.wapegomes.androidtv.mobile.MobileWelcomeActivity
ADDED from src/main/AndroidManifest.xml:49:9-55:20
	android:name
		ADDED from src/main/AndroidManifest.xml:49:19-93
intent-filter#android.intent.action.MAIN+android.intent.category.LAUNCHER
ADDED from src/main/AndroidManifest.xml:50:13-54:29
category#android.intent.category.LAUNCHER
ADDED from src/main/AndroidManifest.xml:53:17-77
	android:name
		ADDED from src/main/AndroidManifest.xml:53:27-74
meta-data#android.app.default_searchable
ADDED from src/main/AndroidManifest.xml:57:9-59:56
	android:value
		ADDED from src/main/AndroidManifest.xml:59:13-53
	android:name
		ADDED from src/main/AndroidManifest.xml:58:13-58
activity#com.sample.wapegomes.androidtv.ui.VideoDetailsActivity
ADDED from src/main/AndroidManifest.xml:61:9-76:20
	android:exported
		ADDED from src/main/AndroidManifest.xml:63:13-36
	android:theme
		ADDED from src/main/AndroidManifest.xml:64:13-58
	android:name
		ADDED from src/main/AndroidManifest.xml:62:13-82
intent-filter#android.intent.action.SEARCH
ADDED from src/main/AndroidManifest.xml:67:13-70:29
action#android.intent.action.SEARCH
ADDED from src/main/AndroidManifest.xml:68:17-71
	android:name
		ADDED from src/main/AndroidManifest.xml:68:25-68
meta-data#android.app.searchable
ADDED from src/main/AndroidManifest.xml:73:13-75:54
	android:resource
		ADDED from src/main/AndroidManifest.xml:75:17-51
	android:name
		ADDED from src/main/AndroidManifest.xml:74:17-54
activity#com.sample.wapegomes.androidtv.ui.PlaybackOverlayActivity
ADDED from src/main/AndroidManifest.xml:77:9-82:55
	android:launchMode
		ADDED from src/main/AndroidManifest.xml:80:13-44
	android:supportsPictureInPicture
		ADDED from src/main/AndroidManifest.xml:82:13-52
	android:resizeableActivity
		ADDED from src/main/AndroidManifest.xml:81:13-46
	android:configChanges
		ADDED from src/main/AndroidManifest.xml:79:13-107
	android:name
		ADDED from src/main/AndroidManifest.xml:78:13-85
activity#com.sample.wapegomes.androidtv.ui.VerticalGridActivity
ADDED from src/main/AndroidManifest.xml:83:9-87:66
	android:parentActivityName
		ADDED from src/main/AndroidManifest.xml:86:13-88
	android:exported
		ADDED from src/main/AndroidManifest.xml:85:13-36
	android:theme
		ADDED from src/main/AndroidManifest.xml:87:13-63
	android:name
		ADDED from src/main/AndroidManifest.xml:84:13-82
activity#com.sample.wapegomes.androidtv.ui.SearchActivity
ADDED from src/main/AndroidManifest.xml:88:9-85
	android:name
		ADDED from src/main/AndroidManifest.xml:88:19-82
activity#com.sample.wapegomes.androidtv.ui.GuidedStepActivity
ADDED from src/main/AndroidManifest.xml:89:9-91:72
	android:theme
		ADDED from src/main/AndroidManifest.xml:91:13-69
	android:name
		ADDED from src/main/AndroidManifest.xml:90:13-80
provider#com.sample.wapegomes.androidtv.data.VideoProvider
ADDED from src/main/AndroidManifest.xml:94:9-101:20
	android:authorities
		ADDED from src/main/AndroidManifest.xml:96:13-49
		INJECTED from src/main/AndroidManifest.xml
	android:exported
		ADDED from src/main/AndroidManifest.xml:97:13-36
	android:name
		ADDED from src/main/AndroidManifest.xml:95:13-77
path-permission
ADDED from src/main/AndroidManifest.xml:98:13-100:77
	android:readPermission
		ADDED from src/main/AndroidManifest.xml:100:17-74
	android:pathPrefix
		ADDED from src/main/AndroidManifest.xml:99:17-45
receiver#com.sample.wapegomes.androidtv.recommendation.RecommendationReceiver
ADDED from src/main/AndroidManifest.xml:103:9-110:20
	android:enabled
		ADDED from src/main/AndroidManifest.xml:105:13-35
	android:exported
		ADDED from src/main/AndroidManifest.xml:106:13-37
	android:name
		ADDED from src/main/AndroidManifest.xml:104:13-96
intent-filter#android.intent.action.BOOT_COMPLETED
ADDED from src/main/AndroidManifest.xml:107:13-109:29
action#android.intent.action.BOOT_COMPLETED
ADDED from src/main/AndroidManifest.xml:108:17-79
	android:name
		ADDED from src/main/AndroidManifest.xml:108:25-76
service#com.sample.wapegomes.androidtv.data.FetchVideoService
ADDED from src/main/AndroidManifest.xml:112:9-114:40
	android:exported
		ADDED from src/main/AndroidManifest.xml:114:13-37
	android:name
		ADDED from src/main/AndroidManifest.xml:113:13-81
service#com.sample.wapegomes.androidtv.recommendation.UpdateRecommendationsService
ADDED from src/main/AndroidManifest.xml:115:9-117:38
	android:enabled
		ADDED from src/main/AndroidManifest.xml:117:13-35
	android:name
		ADDED from src/main/AndroidManifest.xml:116:13-102
activity#com.sample.wapegomes.androidtv.ui.SettingsActivity
ADDED from src/main/AndroidManifest.xml:119:9-122:58
	android:exported
		ADDED from src/main/AndroidManifest.xml:121:13-36
	android:theme
		ADDED from src/main/AndroidManifest.xml:122:13-55
	android:name
		ADDED from src/main/AndroidManifest.xml:120:13-78
activity#com.sample.wapegomes.androidtv.ui.AuthenticationActivity
ADDED from src/main/AndroidManifest.xml:123:9-125:72
	android:theme
		ADDED from src/main/AndroidManifest.xml:125:13-69
	android:name
		ADDED from src/main/AndroidManifest.xml:124:13-84
uses-sdk
INJECTED from src/main/AndroidManifest.xml reason: use-sdk injection requested
MERGED from [com.android.support:recyclerview-v7:24.1.1] AndroidManifest.xml:20:5-43
MERGED from [com.android.support:support-v4:24.1.1] AndroidManifest.xml:21:5-23:54
MERGED from [com.android.support:leanback-v17:24.1.1] AndroidManifest.xml:20:5-44
MERGED from [com.android.support:support-v4:24.1.1] AndroidManifest.xml:21:5-23:54
MERGED from [com.android.support:recyclerview-v7:24.1.1] AndroidManifest.xml:20:5-43
MERGED from [com.android.support:support-v4:24.1.1] AndroidManifest.xml:21:5-23:54
MERGED from [com.android.support:recommendation:24.1.1] AndroidManifest.xml:20:5-44
MERGED from [com.android.support:support-v4:24.1.1] AndroidManifest.xml:21:5-23:54
MERGED from [com.android.support:preference-leanback-v17:24.1.1] AndroidManifest.xml:22:5-44
MERGED from [com.android.support:preference-v7:24.1.1] AndroidManifest.xml:7:5-43
MERGED from [com.android.support:support-v4:24.1.1] AndroidManifest.xml:21:5-23:54
MERGED from [com.android.support:recyclerview-v7:24.1.1] AndroidManifest.xml:20:5-43
MERGED from [com.android.support:support-v4:24.1.1] AndroidManifest.xml:21:5-23:54
MERGED from [com.android.support:appcompat-v7:24.1.1] AndroidManifest.xml:21:5-23:78
MERGED from [com.android.support:animated-vector-drawable:24.1.1] AndroidManifest.xml:20:5-44
MERGED from [com.android.support:support-vector-drawable:24.1.1] AndroidManifest.xml:21:5-43
MERGED from [com.android.support:support-v4:24.1.1] AndroidManifest.xml:21:5-23:54
MERGED from [com.android.support:support-v4:24.1.1] AndroidManifest.xml:21:5-23:54
MERGED from [com.android.support:support-vector-drawable:24.1.1] AndroidManifest.xml:21:5-43
MERGED from [com.android.support:support-v4:24.1.1] AndroidManifest.xml:21:5-23:54
MERGED from [com.android.support:support-v4:24.1.1] AndroidManifest.xml:21:5-23:54
MERGED from [com.android.support:leanback-v17:24.1.1] AndroidManifest.xml:20:5-44
MERGED from [com.android.support:support-v4:24.1.1] AndroidManifest.xml:21:5-23:54
MERGED from [com.android.support:recyclerview-v7:24.1.1] AndroidManifest.xml:20:5-43
MERGED from [com.android.support:support-v4:24.1.1] AndroidManifest.xml:21:5-23:54
MERGED from [com.android.support:recyclerview-v7:24.1.1] AndroidManifest.xml:20:5-43
MERGED from [com.android.support:support-v4:24.1.1] AndroidManifest.xml:21:5-23:54
MERGED from [com.android.support:preference-v14:24.1.1] AndroidManifest.xml:7:5-44
MERGED from [com.android.support:preference-v7:24.1.1] AndroidManifest.xml:7:5-43
MERGED from [com.android.support:support-v4:24.1.1] AndroidManifest.xml:21:5-23:54
MERGED from [com.android.support:recyclerview-v7:24.1.1] AndroidManifest.xml:20:5-43
MERGED from [com.android.support:support-v4:24.1.1] AndroidManifest.xml:21:5-23:54
MERGED from [com.android.support:appcompat-v7:24.1.1] AndroidManifest.xml:21:5-23:78
MERGED from [com.android.support:animated-vector-drawable:24.1.1] AndroidManifest.xml:20:5-44
MERGED from [com.android.support:support-vector-drawable:24.1.1] AndroidManifest.xml:21:5-43
MERGED from [com.android.support:support-v4:24.1.1] AndroidManifest.xml:21:5-23:54
MERGED from [com.android.support:support-v4:24.1.1] AndroidManifest.xml:21:5-23:54
MERGED from [com.android.support:support-vector-drawable:24.1.1] AndroidManifest.xml:21:5-43
MERGED from [com.android.support:support-v4:24.1.1] AndroidManifest.xml:21:5-23:54
MERGED from [com.android.support:support-v4:24.1.1] AndroidManifest.xml:21:5-23:54
MERGED from [com.android.support:recyclerview-v7:24.1.1] AndroidManifest.xml:20:5-43
MERGED from [com.android.support:support-v4:24.1.1] AndroidManifest.xml:21:5-23:54
MERGED from [com.android.support:appcompat-v7:24.1.1] AndroidManifest.xml:21:5-23:78
MERGED from [com.android.support:animated-vector-drawable:24.1.1] AndroidManifest.xml:20:5-44
MERGED from [com.android.support:support-vector-drawable:24.1.1] AndroidManifest.xml:21:5-43
MERGED from [com.android.support:support-v4:24.1.1] AndroidManifest.xml:21:5-23:54
MERGED from [com.android.support:support-v4:24.1.1] AndroidManifest.xml:21:5-23:54
MERGED from [com.android.support:support-vector-drawable:24.1.1] AndroidManifest.xml:21:5-43
MERGED from [com.android.support:support-v4:24.1.1] AndroidManifest.xml:21:5-23:54
MERGED from [com.android.support:appcompat-v7:24.1.1] AndroidManifest.xml:21:5-23:78
MERGED from [com.android.support:animated-vector-drawable:24.1.1] AndroidManifest.xml:20:5-44
MERGED from [com.android.support:support-vector-drawable:24.1.1] AndroidManifest.xml:21:5-43
MERGED from [com.android.support:support-v4:24.1.1] AndroidManifest.xml:21:5-23:54
MERGED from [com.android.support:support-v4:24.1.1] AndroidManifest.xml:21:5-23:54
MERGED from [com.android.support:support-vector-drawable:24.1.1] AndroidManifest.xml:21:5-43
MERGED from [com.android.support:support-v4:24.1.1] AndroidManifest.xml:21:5-23:54
MERGED from [com.google.android.exoplayer:exoplayer:r1.5.6] AndroidManifest.xml:24:5-26:41
	tools:overrideLibrary
		ADDED from [com.android.support:support-v4:24.1.1] AndroidManifest.xml:23:9-51
	android:targetSdkVersion
		INJECTED from src/main/AndroidManifest.xml
		INJECTED from src/main/AndroidManifest.xml
	android:minSdkVersion
		INJECTED from src/main/AndroidManifest.xml
		INJECTED from src/main/AndroidManifest.xml